2021-09-06 11:30:01
blocks : save complete! best height = 699243
2021-09-06 12:00:01
blocks : save complete! best height = 699245
2021-09-06 12:30:01
blocks : save complete! best height = 699250
2021-09-06 13:00:01
blocks : save complete! best height = 699253
2021-09-06 13:30:01
blocks : save complete! best height = 699258
2021-09-06 14:00:01
blocks : save complete! best height = 699260
2021-09-06 14:30:01
blocks : save complete! best height = 699268
2021-09-06 15:00:01
blocks : save complete! best height = 699269
2021-09-06 15:30:01
blocks : save complete! best height = 699274
2021-09-06 16:00:01
blocks : save complete! best height = 699274
2021-09-06 16:30:01
blocks : save complete! best height = 699279
2021-09-06 17:00:01
blocks : save complete! best height = 699282
2021-09-06 17:30:01
blocks : save complete! best height = 699289
2021-09-06 18:00:01
blocks : save complete! best height = 699290
2021-09-06 18:30:01
blocks : save complete! best height = 699295
2021-09-06 19:00:01
blocks : save complete! best height = 699303
2021-09-06 19:30:01
blocks : save complete! best height = 699311
2021-09-06 20:00:01
blocks : save complete! best height = 699312
2021-09-06 20:30:01
blocks : save complete! best height = 699317
2021-09-06 21:00:01
blocks : save complete! best height = 699322
2021-09-06 21:30:01
blocks : save complete! best height = 699323
2021-09-06 22:00:01
blocks : save complete! best height = 699324
2021-09-06 22:30:01
blocks : save complete! best height = 699327
2021-09-06 23:00:01
blocks : save complete! best height = 699328
2021-09-06 23:30:01
blocks : save complete! best height = 699329
2021-09-07 00:00:01
2021-09-07 00:00:01
log : Total 416, saved at DB.
blocks : save complete! best height = 699330
/collectData/log.sh: line 5: sed: command not found
/collectData/log.sh: line 6: cat: command not found
2021-09-07 00:30:01
blocks : save complete! best height = 699335
2021-09-07 01:00:01
blocks : save complete! best height = 699340
2021-09-07 01:30:01
blocks : save complete! best height = 699343
2021-09-07 02:00:01
blocks : save complete! best height = 699345
2021-09-07 02:30:01
blocks : save complete! best height = 699347
2021-09-07 03:00:01
blocks : save complete! best height = 699352
2021-09-07 03:30:01
blocks : save complete! best height = 699357
2021-09-07 04:00:01
blocks : save complete! best height = 699358
2021-09-07 04:30:01
blocks : save complete! best height = 699361
2021-09-07 05:00:01
blocks : save complete! best height = 699369
2021-09-07 05:30:01
blocks : save complete! best height = 699371
2021-09-07 06:00:01
blocks : save complete! best height = 699372
2021-09-07 06:30:01
blocks : save complete! best height = 699377
2021-09-07 07:00:01
blocks : save complete! best height = 699381
2021-09-07 07:30:01
blocks : save complete! best height = 699385
2021-09-07 08:00:01
blocks : save complete! best height = 699387
2021-09-07 08:30:01
blocks : save complete! best height = 699389
2021-09-07 09:00:01
blocks : save complete! best height = 699396
2021-09-07 09:30:01
blocks : save complete! best height = 699397
